<?xml version="1.0" encoding="UTF-8"?>
<!-- Generated by org.testng.reporters.JUnitReportReporter -->
<testsuite hostname="ENT18010731" failures="0" tests="1" name="mobileAutomation.DragDrope" time="7.462" errors="0" timestamp="2023-10-22T14:05:45 PKT" skipped="0">
  <testcase classname="mobileAutomation.DragDrope" name="DragDropTest" time="7.462"/>
</testsuite> <!-- mobileAutomation.DragDrope -->
