<?xml version="1.0" encoding="UTF-8"?>
<!-- Generated by org.testng.reporters.JUnitReportReporter -->
<testsuite hostname="ENT18010731" failures="0" tests="1" name="mobileAutomation.AppiumBasics" time="10.943" errors="0" timestamp="2023-10-19T14:55:14 PKT" skipped="0">
  <testcase classname="mobileAutomation.AppiumBasics" name="wifiSettingName" time="10.943"/>
</testsuite> <!-- mobileAutomation.AppiumBasics -->
