<?xml version="1.0" encoding="UTF-8"?>
<!-- Generated by org.testng.reporters.JUnitReportReporter -->
<testsuite hostname="ENT18010731" failures="0" tests="1" name="mobileAutomation.MiscellanceAction" time="12.799" errors="0" timestamp="2023-10-22T14:40:05 PKT" skipped="0">
  <testcase classname="mobileAutomation.MiscellanceAction" name="wifiSettingName" time="12.799"/>
</testsuite> <!-- mobileAutomation.MiscellanceAction -->
