<?xml version="1.0" encoding="UTF-8"?>
<!-- Generated by org.testng.reporters.JUnitReportReporter -->
<testsuite hostname="ENT18010731" failures="0" tests="1" name="mobileAutomation.eCommerce_3" time="43.415" errors="0" timestamp="2023-10-25T16:09:48 PKT" skipped="0">
  <testcase classname="mobileAutomation.eCommerce_3" name="FillForm" time="43.415"/>
</testsuite> <!-- mobileAutomation.eCommerce_3 -->
