<?xml version="1.0" encoding="UTF-8"?>
<!-- Generated by org.testng.reporters.JUnitReportReporter -->
<testsuite hostname="ENT18010731" failures="0" tests="1" name="mobileAutomation.LongPress" time="12.061" errors="0" timestamp="2023-10-19T16:14:33 PKT" skipped="0">
  <testcase classname="mobileAutomation.LongPress" name="LongPressGestures" time="12.061"/>
</testsuite> <!-- mobileAutomation.LongPress -->
