<?xml version="1.0" encoding="UTF-8"?>
<!-- Generated by org.testng.reporters.JUnitReportReporter -->
<testsuite hostname="ENT18010731" failures="0" tests="1" name="mobileAutomation.SwipeDemo" time="8.766" errors="0" timestamp="2023-10-22T12:49:37 PKT" skipped="0">
  <testcase classname="mobileAutomation.SwipeDemo" name="SwipeDempTest" time="8.766"/>
</testsuite> <!-- mobileAutomation.SwipeDemo -->
