<?xml version="1.0" encoding="UTF-8"?>
<!-- Generated by org.testng.reporters.JUnitReportReporter -->
<testsuite hostname="ENT18010731" failures="0" tests="1" name="mobileAutomation.eCommerce" time="28.877" errors="0" timestamp="2023-10-25T10:42:49 PKT" skipped="0">
  <testcase classname="mobileAutomation.eCommerce" name="FillForm" time="28.877"/>
</testsuite> <!-- mobileAutomation.eCommerce -->
