<?xml version="1.0" encoding="UTF-8"?>
<!-- Generated by org.testng.reporters.JUnitReportReporter -->
<testsuite hostname="ENT18010731" failures="0" tests="1" name="mobileAutomation.config" time="30.519" errors="0" timestamp="2023-10-17T23:21:13 PKT" skipped="0">
  <testcase classname="mobileAutomation.config" name="setUp" time="30.519"/>
</testsuite> <!-- mobileAutomation.config -->
